<?xml version="1.0" encoding="UTF-8"?>
<coverage generated="1583177073403" clover="3.2.0">
  <project timestamp="1583177073403" name="All files">
    <metrics statements="76" coveredstatements="58" conditionals="40" coveredconditionals="28" methods="18" coveredmethods="13" elements="134" coveredelements="99" complexity="0" loc="76" ncloc="76" packages="3" files="4" classes="4"/>
    <package name="Controller">
      <metrics statements="5" coveredstatements="2" conditionals="0" coveredconditionals="0" methods="4" coveredmethods="1"/>
      <file name="companyController.js" path="/Users/viraj/WORKSPACE/TestProjects/Momenton/src/Controller/companyController.js">
        <metrics statements="5" coveredstatements="2" conditionals="0" coveredconditionals="0" methods="4" coveredmethods="1"/>
        <line num="7" count="1" type="stmt"/>
        <line num="8" count="1" type="stmt"/>
        <line num="12" count="0" type="stmt"/>
        <line num="16" count="0" type="stmt"/>
        <line num="20" count="0" type="stmt"/>
      </file>
    </package>
    <package name="Model">
      <metrics statements="63" coveredstatements="56" conditionals="34" coveredconditionals="28" methods="12" coveredmethods="12"/>
      <file name="company.js" path="/Users/viraj/WORKSPACE/TestProjects/Momenton/src/Model/company.js">
        <metrics statements="58" coveredstatements="51" conditionals="34" coveredconditionals="28" methods="10" coveredmethods="10"/>
        <line num="9" count="2" type="stmt"/>
        <line num="10" count="2" type="stmt"/>
        <line num="12" count="2" type="stmt"/>
        <line num="13" count="12" type="stmt"/>
        <line num="19" count="2" type="stmt"/>
        <line num="24" count="8" type="stmt"/>
        <line num="28" count="2" type="stmt"/>
        <line num="30" count="12" type="cond" truecount="2" falsecount="0"/>
        <line num="31" count="7" type="stmt"/>
        <line num="34" count="5" type="cond" truecount="2" falsecount="0"/>
        <line num="35" count="1" type="stmt"/>
        <line num="38" count="4" type="cond" truecount="2" falsecount="0"/>
        <line num="39" count="1" type="stmt"/>
        <line num="42" count="3" type="stmt"/>
        <line num="45" count="2" type="stmt"/>
        <line num="49" count="1" type="stmt"/>
        <line num="51" count="1" type="stmt"/>
        <line num="53" count="6" type="cond" truecount="2" falsecount="0"/>
        <line num="54" count="2" type="stmt"/>
        <line num="57" count="4" type="cond" truecount="2" falsecount="0"/>
        <line num="58" count="2" type="stmt"/>
        <line num="61" count="2" type="cond" truecount="2" falsecount="0"/>
        <line num="62" count="1" type="stmt"/>
        <line num="65" count="1" type="stmt"/>
        <line num="68" count="1" type="stmt"/>
        <line num="72" count="1" type="stmt"/>
        <line num="73" count="1" type="stmt"/>
        <line num="75" count="1" type="stmt"/>
        <line num="76" count="3" type="cond" truecount="4" falsecount="0"/>
        <line num="77" count="2" type="stmt"/>
        <line num="81" count="1" type="stmt"/>
        <line num="82" count="3" type="cond" truecount="4" falsecount="0"/>
        <line num="83" count="1" type="stmt"/>
        <line num="87" count="1" type="stmt"/>
        <line num="89" count="1" type="cond" truecount="1" falsecount="1"/>
        <line num="90" count="1" type="stmt"/>
        <line num="93" count="0" type="cond" truecount="0" falsecount="2"/>
        <line num="94" count="0" type="stmt"/>
        <line num="97" count="0" type="cond" truecount="0" falsecount="2"/>
        <line num="98" count="0" type="stmt"/>
        <line num="101" count="0" type="stmt"/>
        <line num="104" count="1" type="stmt"/>
        <line num="108" count="3" type="stmt"/>
        <line num="110" count="3" type="stmt"/>
        <line num="112" count="7559" type="cond" truecount="2" falsecount="0"/>
        <line num="113" count="4" type="stmt"/>
        <line num="115" count="7555" type="cond" truecount="2" falsecount="0"/>
        <line num="117" count="7554" type="cond" truecount="1" falsecount="1"/>
        <line num="119" count="7554" type="stmt"/>
        <line num="120" count="7553" type="stmt"/>
        <line num="123" count="0" type="stmt"/>
        <line num="127" count="0" type="stmt"/>
        <line num="130" count="1" type="stmt"/>
        <line num="138" count="3" type="stmt"/>
        <line num="139" count="9" type="cond" truecount="2" falsecount="0"/>
        <line num="140" count="3" type="stmt"/>
        <line num="145" count="6" type="stmt"/>
        <line num="149" count="2" type="stmt"/>
      </file>
      <file name="employee.js" path="/Users/viraj/WORKSPACE/TestProjects/Momenton/src/Model/employee.js">
        <metrics statements="5" coveredstatements="5" conditionals="0" coveredconditionals="0" methods="2" coveredmethods="2"/>
        <line num="7" count="67" type="stmt"/>
        <line num="8" count="67" type="stmt"/>
        <line num="9" count="67" type="stmt"/>
        <line num="10" count="67" type="stmt"/>
        <line num="14" count="7571" type="stmt"/>
      </file>
    </package>
    <package name="View">
      <metrics statements="8" coveredstatements="0" conditionals="6" coveredconditionals="0" methods="2" coveredmethods="0"/>
      <file name="companyHierarchyView.js" path="/Users/viraj/WORKSPACE/TestProjects/Momenton/src/View/companyHierarchyView.js">
        <metrics statements="8" coveredstatements="0" conditionals="6" coveredconditionals="0" methods="2" coveredmethods="0"/>
        <line num="3" count="0" type="cond" truecount="0" falsecount="4"/>
        <line num="4" count="0" type="stmt"/>
        <line num="7" count="0" type="cond" truecount="0" falsecount="2"/>
        <line num="8" count="0" type="stmt"/>
        <line num="9" count="0" type="stmt"/>
        <line num="15" count="0" type="stmt"/>
        <line num="17" count="0" type="stmt"/>
        <line num="18" count="0" type="stmt"/>
      </file>
    </package>
  </project>
</coverage>
