{"/Users/viraj/WORKSPACE/TestProjects/Momenton/src/Controller/companyController.js": {"path":"/Users/viraj/WORKSPACE/TestProjects/Momenton/src/Controller/companyController.js","statementMap":{"0":{"start":{"line":7,"column":25},"end":{"line":7,"column":60}},"1":{"start":{"line":8,"column":4},"end":{"line":8,"column":45}},"2":{"start":{"line":12,"column":4},"end":{"line":12,"column":58}},"3":{"start":{"line":16,"column":4},"end":{"line":16,"column":50}},"4":{"start":{"line":20,"column":4},"end":{"line":20,"column":50}}},"fnMap":{"0":{"name":"(anonymous_0)","decl":{"start":{"line":6,"column":2},"end":{"line":6,"column":3}},"loc":{"start":{"line":6,"column":16},"end":{"line":9,"column":3}},"line":6},"1":{"name":"(anonymous_1)","decl":{"start":{"line":11,"column":2},"end":{"line":11,"column":3}},"loc":{"start":{"line":11,"column":26},"end":{"line":13,"column":3}},"line":11},"2":{"name":"(anonymous_2)","decl":{"start":{"line":15,"column":2},"end":{"line":15,"column":3}},"loc":{"start":{"line":15,"column":21},"end":{"line":17,"column":3}},"line":15},"3":{"name":"(anonymous_3)","decl":{"start":{"line":19,"column":2},"end":{"line":19,"column":3}},"loc":{"start":{"line":19,"column":21},"end":{"line":21,"column":3}},"line":19}},"branchMap":{},"s":{"0":1,"1":1,"2":0,"3":0,"4":0},"f":{"0":1,"1":0,"2":0,"3":0},"b":{},"_coverageSchema":"1a1c01bbd47fc00a2c39e90264f33305004495a9","hash":"71f80c23df8fc9631414bdb5283ca3fcd4a656e3"}
,"/Users/viraj/WORKSPACE/TestProjects/Momenton/src/Model/company.js": {"path":"/Users/viraj/WORKSPACE/TestProjects/Momenton/src/Model/company.js","statementMap":{"0":{"start":{"line":9,"column":36},"end":{"line":20,"column":1}},"1":{"start":{"line":10,"column":21},"end":{"line":10,"column":23}},"2":{"start":{"line":12,"column":2},"end":{"line":17,"column":3}},"3":{"start":{"line":13,"column":4},"end":{"line":16,"column":5}},"4":{"start":{"line":19,"column":2},"end":{"line":19,"column":22}},"5":{"start":{"line":24,"column":4},"end":{"line":24,"column":31}},"6":{"start":{"line":28,"column":26},"end":{"line":43,"column":8}},"7":{"start":{"line":30,"column":8},"end":{"line":32,"column":9}},"8":{"start":{"line":31,"column":10},"end":{"line":31,"column":19}},"9":{"start":{"line":34,"column":8},"end":{"line":36,"column":9}},"10":{"start":{"line":35,"column":10},"end":{"line":35,"column":20}},"11":{"start":{"line":38,"column":8},"end":{"line":40,"column":9}},"12":{"start":{"line":39,"column":10},"end":{"line":39,"column":19}},"13":{"start":{"line":42,"column":8},"end":{"line":42,"column":47}},"14":{"start":{"line":45,"column":4},"end":{"line":45,"column":27}},"15":{"start":{"line":49,"column":26},"end":{"line":49,"column":40}},"16":{"start":{"line":51,"column":4},"end":{"line":66,"column":9}},"17":{"start":{"line":53,"column":8},"end":{"line":55,"column":9}},"18":{"start":{"line":54,"column":10},"end":{"line":54,"column":20}},"19":{"start":{"line":57,"column":8},"end":{"line":59,"column":9}},"20":{"start":{"line":58,"column":10},"end":{"line":58,"column":19}},"21":{"start":{"line":61,"column":8},"end":{"line":63,"column":9}},"22":{"start":{"line":62,"column":10},"end":{"line":62,"column":19}},"23":{"start":{"line":65,"column":8},"end":{"line":65,"column":47}},"24":{"start":{"line":68,"column":4},"end":{"line":68,"column":27}},"25":{"start":{"line":72,"column":29},"end":{"line":72,"column":67}},"26":{"start":{"line":73,"column":20},"end":{"line":73,"column":34}},"27":{"start":{"line":75,"column":4},"end":{"line":79,"column":5}},"28":{"start":{"line":76,"column":6},"end":{"line":78,"column":7}},"29":{"start":{"line":77,"column":8},"end":{"line":77,"column":63}},"30":{"start":{"line":81,"column":4},"end":{"line":85,"column":5}},"31":{"start":{"line":82,"column":6},"end":{"line":84,"column":7}},"32":{"start":{"line":83,"column":8},"end":{"line":83,"column":29}},"33":{"start":{"line":87,"column":28},"end":{"line":102,"column":8}},"34":{"start":{"line":89,"column":8},"end":{"line":91,"column":9}},"35":{"start":{"line":90,"column":10},"end":{"line":90,"column":20}},"36":{"start":{"line":93,"column":8},"end":{"line":95,"column":9}},"37":{"start":{"line":94,"column":10},"end":{"line":94,"column":19}},"38":{"start":{"line":97,"column":8},"end":{"line":99,"column":9}},"39":{"start":{"line":98,"column":10},"end":{"line":98,"column":19}},"40":{"start":{"line":101,"column":8},"end":{"line":101,"column":47}},"41":{"start":{"line":104,"column":4},"end":{"line":104,"column":27}},"42":{"start":{"line":108,"column":20},"end":{"line":108,"column":22}},"43":{"start":{"line":110,"column":33},"end":{"line":136,"column":5}},"44":{"start":{"line":112,"column":6},"end":{"line":135,"column":7}},"45":{"start":{"line":113,"column":8},"end":{"line":113,"column":63}},"46":{"start":{"line":115,"column":8},"end":{"line":134,"column":9}},"47":{"start":{"line":117,"column":10},"end":{"line":128,"column":11}},"48":{"start":{"line":119,"column":12},"end":{"line":119,"column":72}},"49":{"start":{"line":120,"column":12},"end":{"line":120,"column":69}},"50":{"start":{"line":123,"column":12},"end":{"line":126,"column":13}},"51":{"start":{"line":127,"column":12},"end":{"line":127,"column":67}},"52":{"start":{"line":130,"column":10},"end":{"line":133,"column":11}},"53":{"start":{"line":138,"column":4},"end":{"line":147,"column":5}},"54":{"start":{"line":139,"column":6},"end":{"line":146,"column":7}},"55":{"start":{"line":140,"column":8},"end":{"line":143,"column":9}},"56":{"start":{"line":145,"column":8},"end":{"line":145,"column":39}},"57":{"start":{"line":149,"column":4},"end":{"line":149,"column":21}}},"fnMap":{"0":{"name":"(anonymous_0)","decl":{"start":{"line":9,"column":36},"end":{"line":9,"column":37}},"loc":{"start":{"line":9,"column":56},"end":{"line":20,"column":1}},"line":9},"1":{"name":"(anonymous_1)","decl":{"start":{"line":23,"column":2},"end":{"line":23,"column":3}},"loc":{"start":{"line":23,"column":25},"end":{"line":25,"column":3}},"line":23},"2":{"name":"(anonymous_2)","decl":{"start":{"line":27,"column":2},"end":{"line":27,"column":3}},"loc":{"start":{"line":27,"column":36},"end":{"line":46,"column":3}},"line":27},"3":{"name":"(anonymous_3)","decl":{"start":{"line":29,"column":12},"end":{"line":29,"column":13}},"loc":{"start":{"line":29,"column":28},"end":{"line":43,"column":7}},"line":29},"4":{"name":"(anonymous_4)","decl":{"start":{"line":48,"column":2},"end":{"line":48,"column":3}},"loc":{"start":{"line":48,"column":35},"end":{"line":69,"column":3}},"line":48},"5":{"name":"(anonymous_5)","decl":{"start":{"line":52,"column":12},"end":{"line":52,"column":13}},"loc":{"start":{"line":52,"column":28},"end":{"line":66,"column":7}},"line":52},"6":{"name":"(anonymous_6)","decl":{"start":{"line":71,"column":2},"end":{"line":71,"column":3}},"loc":{"start":{"line":71,"column":28},"end":{"line":105,"column":3}},"line":71},"7":{"name":"(anonymous_7)","decl":{"start":{"line":88,"column":12},"end":{"line":88,"column":13}},"loc":{"start":{"line":88,"column":28},"end":{"line":102,"column":7}},"line":88},"8":{"name":"(anonymous_8)","decl":{"start":{"line":107,"column":2},"end":{"line":107,"column":3}},"loc":{"start":{"line":107,"column":28},"end":{"line":150,"column":3}},"line":107},"9":{"name":"(anonymous_9)","decl":{"start":{"line":110,"column":33},"end":{"line":110,"column":34}},"loc":{"start":{"line":110,"column":47},"end":{"line":136,"column":5}},"line":110}},"branchMap":{"0":{"loc":{"start":{"line":30,"column":8},"end":{"line":32,"column":9}},"type":"if","locations":[{"start":{"line":30,"column":8},"end":{"line":32,"column":9}},{"start":{"line":30,"column":8},"end":{"line":32,"column":9}}],"line":30},"1":{"loc":{"start":{"line":34,"column":8},"end":{"line":36,"column":9}},"type":"if","locations":[{"start":{"line":34,"column":8},"end":{"line":36,"column":9}},{"start":{"line":34,"column":8},"end":{"line":36,"column":9}}],"line":34},"2":{"loc":{"start":{"line":38,"column":8},"end":{"line":40,"column":9}},"type":"if","locations":[{"start":{"line":38,"column":8},"end":{"line":40,"column":9}},{"start":{"line":38,"column":8},"end":{"line":40,"column":9}}],"line":38},"3":{"loc":{"start":{"line":53,"column":8},"end":{"line":55,"column":9}},"type":"if","locations":[{"start":{"line":53,"column":8},"end":{"line":55,"column":9}},{"start":{"line":53,"column":8},"end":{"line":55,"column":9}}],"line":53},"4":{"loc":{"start":{"line":57,"column":8},"end":{"line":59,"column":9}},"type":"if","locations":[{"start":{"line":57,"column":8},"end":{"line":59,"column":9}},{"start":{"line":57,"column":8},"end":{"line":59,"column":9}}],"line":57},"5":{"loc":{"start":{"line":61,"column":8},"end":{"line":63,"column":9}},"type":"if","locations":[{"start":{"line":61,"column":8},"end":{"line":63,"column":9}},{"start":{"line":61,"column":8},"end":{"line":63,"column":9}}],"line":61},"6":{"loc":{"start":{"line":76,"column":6},"end":{"line":78,"column":7}},"type":"if","locations":[{"start":{"line":76,"column":6},"end":{"line":78,"column":7}},{"start":{"line":76,"column":6},"end":{"line":78,"column":7}}],"line":76},"7":{"loc":{"start":{"line":76,"column":10},"end":{"line":76,"column":63}},"type":"binary-expr","locations":[{"start":{"line":76,"column":10},"end":{"line":76,"column":28}},{"start":{"line":76,"column":32},"end":{"line":76,"column":63}}],"line":76},"8":{"loc":{"start":{"line":82,"column":6},"end":{"line":84,"column":7}},"type":"if","locations":[{"start":{"line":82,"column":6},"end":{"line":84,"column":7}},{"start":{"line":82,"column":6},"end":{"line":84,"column":7}}],"line":82},"9":{"loc":{"start":{"line":82,"column":10},"end":{"line":82,"column":91}},"type":"binary-expr","locations":[{"start":{"line":82,"column":10},"end":{"line":82,"column":33}},{"start":{"line":82,"column":37},"end":{"line":82,"column":91}}],"line":82},"10":{"loc":{"start":{"line":89,"column":8},"end":{"line":91,"column":9}},"type":"if","locations":[{"start":{"line":89,"column":8},"end":{"line":91,"column":9}},{"start":{"line":89,"column":8},"end":{"line":91,"column":9}}],"line":89},"11":{"loc":{"start":{"line":93,"column":8},"end":{"line":95,"column":9}},"type":"if","locations":[{"start":{"line":93,"column":8},"end":{"line":95,"column":9}},{"start":{"line":93,"column":8},"end":{"line":95,"column":9}}],"line":93},"12":{"loc":{"start":{"line":97,"column":8},"end":{"line":99,"column":9}},"type":"if","locations":[{"start":{"line":97,"column":8},"end":{"line":99,"column":9}},{"start":{"line":97,"column":8},"end":{"line":99,"column":9}}],"line":97},"13":{"loc":{"start":{"line":112,"column":6},"end":{"line":135,"column":7}},"type":"if","locations":[{"start":{"line":112,"column":6},"end":{"line":135,"column":7}},{"start":{"line":112,"column":6},"end":{"line":135,"column":7}}],"line":112},"14":{"loc":{"start":{"line":115,"column":8},"end":{"line":134,"column":9}},"type":"if","locations":[{"start":{"line":115,"column":8},"end":{"line":134,"column":9}},{"start":{"line":115,"column":8},"end":{"line":134,"column":9}}],"line":115},"15":{"loc":{"start":{"line":117,"column":10},"end":{"line":128,"column":11}},"type":"if","locations":[{"start":{"line":117,"column":10},"end":{"line":128,"column":11}},{"start":{"line":117,"column":10},"end":{"line":128,"column":11}}],"line":117},"16":{"loc":{"start":{"line":139,"column":6},"end":{"line":146,"column":7}},"type":"if","locations":[{"start":{"line":139,"column":6},"end":{"line":146,"column":7}},{"start":{"line":139,"column":6},"end":{"line":146,"column":7}}],"line":139}},"s":{"0":2,"1":2,"2":2,"3":12,"4":2,"5":8,"6":2,"7":12,"8":7,"9":5,"10":1,"11":4,"12":1,"13":3,"14":2,"15":1,"16":1,"17":6,"18":2,"19":4,"20":2,"21":2,"22":1,"23":1,"24":1,"25":1,"26":1,"27":1,"28":3,"29":2,"30":1,"31":3,"32":1,"33":1,"34":1,"35":1,"36":0,"37":0,"38":0,"39":0,"40":0,"41":1,"42":3,"43":3,"44":7559,"45":4,"46":7555,"47":7554,"48":7554,"49":7553,"50":0,"51":0,"52":1,"53":3,"54":9,"55":3,"56":6,"57":2},"f":{"0":2,"1":8,"2":2,"3":12,"4":1,"5":6,"6":1,"7":1,"8":3,"9":7559},"b":{"0":[7,5],"1":[1,4],"2":[1,3],"3":[2,4],"4":[2,2],"5":[1,1],"6":[2,1],"7":[3,2],"8":[1,2],"9":[3,2],"10":[1,0],"11":[0,0],"12":[0,0],"13":[4,7555],"14":[7554,1],"15":[7554,0],"16":[3,6]},"_coverageSchema":"1a1c01bbd47fc00a2c39e90264f33305004495a9","hash":"4ca415000ce049092b70c90421dc5f01ca06d795"}
,"/Users/viraj/WORKSPACE/TestProjects/Momenton/src/Model/employee.js": {"path":"/Users/viraj/WORKSPACE/TestProjects/Momenton/src/Model/employee.js","statementMap":{"0":{"start":{"line":7,"column":4},"end":{"line":7,"column":17}},"1":{"start":{"line":8,"column":4},"end":{"line":8,"column":21}},"2":{"start":{"line":9,"column":4},"end":{"line":9,"column":31}},"3":{"start":{"line":10,"column":4},"end":{"line":10,"column":27}},"4":{"start":{"line":14,"column":4},"end":{"line":17,"column":5}}},"fnMap":{"0":{"name":"(anonymous_0)","decl":{"start":{"line":2,"column":2},"end":{"line":2,"column":3}},"loc":{"start":{"line":6,"column":5},"end":{"line":11,"column":3}},"line":6},"1":{"name":"(anonymous_1)","decl":{"start":{"line":13,"column":2},"end":{"line":13,"column":3}},"loc":{"start":{"line":13,"column":27},"end":{"line":18,"column":3}},"line":13}},"branchMap":{},"s":{"0":67,"1":67,"2":67,"3":67,"4":7571},"f":{"0":67,"1":7571},"b":{},"_coverageSchema":"1a1c01bbd47fc00a2c39e90264f33305004495a9","hash":"27518f18c8625394ad9ca26ef3c920b18ccaa8fa"}
,"/Users/viraj/WORKSPACE/TestProjects/Momenton/src/View/companyHierarchyView.js": {"path":"/Users/viraj/WORKSPACE/TestProjects/Momenton/src/View/companyHierarchyView.js","statementMap":{"0":{"start":{"line":3,"column":4},"end":{"line":5,"column":5}},"1":{"start":{"line":4,"column":6},"end":{"line":4,"column":53}},"2":{"start":{"line":7,"column":4},"end":{"line":11,"column":5}},"3":{"start":{"line":8,"column":6},"end":{"line":10,"column":7}},"4":{"start":{"line":9,"column":8},"end":{"line":9,"column":70}},"5":{"start":{"line":15,"column":18},"end":{"line":15,"column":19}},"6":{"start":{"line":17,"column":4},"end":{"line":19,"column":5}},"7":{"start":{"line":18,"column":6},"end":{"line":18,"column":66}}},"fnMap":{"0":{"name":"(anonymous_0)","decl":{"start":{"line":2,"column":2},"end":{"line":2,"column":3}},"loc":{"start":{"line":2,"column":43},"end":{"line":12,"column":3}},"line":2},"1":{"name":"(anonymous_1)","decl":{"start":{"line":14,"column":2},"end":{"line":14,"column":3}},"loc":{"start":{"line":14,"column":44},"end":{"line":20,"column":3}},"line":14}},"branchMap":{"0":{"loc":{"start":{"line":3,"column":4},"end":{"line":5,"column":5}},"type":"if","locations":[{"start":{"line":3,"column":4},"end":{"line":5,"column":5}},{"start":{"line":3,"column":4},"end":{"line":5,"column":5}}],"line":3},"1":{"loc":{"start":{"line":3,"column":8},"end":{"line":3,"column":33}},"type":"binary-expr","locations":[{"start":{"line":3,"column":8},"end":{"line":3,"column":16}},{"start":{"line":3,"column":20},"end":{"line":3,"column":33}}],"line":3},"2":{"loc":{"start":{"line":7,"column":4},"end":{"line":11,"column":5}},"type":"if","locations":[{"start":{"line":7,"column":4},"end":{"line":11,"column":5}},{"start":{"line":7,"column":4},"end":{"line":11,"column":5}}],"line":7}},"s":{"0":0,"1":0,"2":0,"3":0,"4":0,"5":0,"6":0,"7":0},"f":{"0":0,"1":0},"b":{"0":[0,0],"1":[0,0],"2":[0,0]},"_coverageSchema":"1a1c01bbd47fc00a2c39e90264f33305004495a9","hash":"ba1f25385fc5a25e76598aa2cb8a64ee2d5c55e7"}
}
