TN:
SF:src/Controller/companyController.js
FN:6,(anonymous_0)
FN:11,(anonymous_1)
FN:15,(anonymous_2)
FN:19,(anonymous_3)
FNF:4
FNH:1
FNDA:1,(anonymous_0)
FNDA:0,(anonymous_1)
FNDA:0,(anonymous_2)
FNDA:0,(anonymous_3)
DA:7,1
DA:8,1
DA:12,0
DA:16,0
DA:20,0
LF:5
LH:2
BRF:0
BRH:0
end_of_record
TN:
SF:src/Model/company.js
FN:9,(anonymous_0)
FN:23,(anonymous_1)
FN:27,(anonymous_2)
FN:29,(anonymous_3)
FN:48,(anonymous_4)
FN:52,(anonymous_5)
FN:71,(anonymous_6)
FN:88,(anonymous_7)
FN:107,(anonymous_8)
FN:110,(anonymous_9)
FNF:10
FNH:10
FNDA:2,(anonymous_0)
FNDA:8,(anonymous_1)
FNDA:2,(anonymous_2)
FNDA:12,(anonymous_3)
FNDA:1,(anonymous_4)
FNDA:6,(anonymous_5)
FNDA:1,(anonymous_6)
FNDA:1,(anonymous_7)
FNDA:3,(anonymous_8)
FNDA:7566,(anonymous_9)
DA:9,2
DA:10,2
DA:12,2
DA:13,12
DA:19,2
DA:24,8
DA:28,2
DA:30,12
DA:31,7
DA:34,5
DA:35,1
DA:38,4
DA:39,1
DA:42,3
DA:45,2
DA:49,1
DA:51,1
DA:53,6
DA:54,2
DA:57,4
DA:58,2
DA:61,2
DA:62,1
DA:65,1
DA:68,1
DA:72,1
DA:73,1
DA:75,1
DA:76,3
DA:77,2
DA:81,1
DA:82,3
DA:83,1
DA:87,1
DA:89,1
DA:90,1
DA:93,0
DA:94,0
DA:97,0
DA:98,0
DA:101,0
DA:104,1
DA:108,3
DA:110,3
DA:112,7566
DA:113,4
DA:115,7562
DA:117,7561
DA:119,7561
DA:120,7560
DA:123,0
DA:127,0
DA:130,1
DA:138,3
DA:139,9
DA:140,3
DA:145,6
DA:149,2
LF:58
LH:51
BRDA:30,0,0,7
BRDA:30,0,1,5
BRDA:34,1,0,1
BRDA:34,1,1,4
BRDA:38,2,0,1
BRDA:38,2,1,3
BRDA:53,3,0,2
BRDA:53,3,1,4
BRDA:57,4,0,2
BRDA:57,4,1,2
BRDA:61,5,0,1
BRDA:61,5,1,1
BRDA:76,6,0,2
BRDA:76,6,1,1
BRDA:76,7,0,3
BRDA:76,7,1,2
BRDA:82,8,0,1
BRDA:82,8,1,2
BRDA:82,9,0,3
BRDA:82,9,1,2
BRDA:89,10,0,1
BRDA:89,10,1,0
BRDA:93,11,0,0
BRDA:93,11,1,0
BRDA:97,12,0,0
BRDA:97,12,1,0
BRDA:112,13,0,4
BRDA:112,13,1,7562
BRDA:115,14,0,7561
BRDA:115,14,1,1
BRDA:117,15,0,7561
BRDA:117,15,1,0
BRDA:139,16,0,3
BRDA:139,16,1,6
BRF:34
BRH:28
end_of_record
TN:
SF:src/Model/employee.js
FN:2,(anonymous_0)
FN:13,(anonymous_1)
FNF:2
FNH:2
FNDA:71,(anonymous_0)
FNDA:7581,(anonymous_1)
DA:7,71
DA:8,71
DA:9,71
DA:10,71
DA:14,7581
LF:5
LH:5
BRF:0
BRH:0
end_of_record
TN:
SF:src/View/companyHierarchyView.js
FN:2,(anonymous_0)
FN:14,(anonymous_1)
FNF:2
FNH:2
FNDA:4,(anonymous_0)
FNDA:1,(anonymous_1)
DA:3,4
DA:4,4
DA:7,4
DA:8,2
DA:9,3
DA:15,1
DA:17,1
DA:18,1
LF:8
LH:8
BRDA:3,0,0,4
BRDA:3,0,1,0
BRDA:3,1,0,4
BRDA:3,1,1,4
BRDA:7,2,0,2
BRDA:7,2,1,2
BRF:6
BRH:5
end_of_record
